<?xml version="1.0" encoding="UTF-8"?>
<!-- Generated by org.testng.reporters.JUnitXMLReporter -->
<testsuite ignored="0" hostname="LAPTOP-DQDC2MAA" failures="0" tests="4" name="Default test" time="94.164" errors="0" timestamp="2022-09-09T21:58:27 IST">
  <testcase classname="Testrunner.DataProvider" name="searchHotel" time="5.024"/>
  <testcase classname="Testrunner.DataProvider" name="selectHotel" time="5.557"/>
  <testcase classname="Testrunner.DataProvider" name="bookAHotel" time="0.611"/>
  <testcase classname="Testrunner.DataProvider" name="printOrderNo" time="9.537"/>
</testsuite> <!-- Default test -->
