<?xml version="1.0" encoding="UTF-8"?>
<testng-results ignored="0" total="4" passed="4" failed="0" skipped="0">
  <reporter-output>
  </reporter-output>
  <suite started-at="2022-09-09T21:56:53 IST" name="Default suite" finished-at="2022-09-09T21:58:27 IST" duration-ms="94164">
    <groups>
    </groups>
    <test started-at="2022-09-09T21:56:53 IST" name="Default test" finished-at="2022-09-09T21:58:27 IST" duration-ms="94164">
      <class name="Testrunner.DataProvider">
        <test-method is-config="true" signature="timeStamp()[pri:0, instance:Testrunner.DataProvider@3911c2a7]" started-at="2022-09-09T21:56:53 IST" name="timeStamp" finished-at="2022-09-09T21:56:53 IST" duration-ms="34" status="PASS">
          <reporter-output>
          </reporter-output>
        </test-method> <!-- timeStamp -->
        <test-method is-config="true" signature="driverIni()[pri:0, instance:Testrunner.DataProvider@3911c2a7]" started-at="2022-09-09T21:56:53 IST" name="driverIni" finished-at="2022-09-09T21:56:56 IST" duration-ms="2789" status="PASS">
          <reporter-output>
          </reporter-output>
        </test-method> <!-- driverIni -->
        <test-method is-config="true" signature="login()[pri:0, instance:Testrunner.DataProvider@3911c2a7]" started-at="2022-09-09T21:56:56 IST" name="login" finished-at="2022-09-09T21:58:06 IST" duration-ms="70425" status="PASS">
          <reporter-output>
          </reporter-output>
        </test-method> <!-- login -->
        <test-method signature="searchHotel()[pri:0, instance:Testrunner.DataProvider@3911c2a7]" started-at="2022-09-09T21:58:07 IST" name="searchHotel" finished-at="2022-09-09T21:58:12 IST" duration-ms="5024" status="PASS">
          <reporter-output>
          </reporter-output>
        </test-method> <!-- searchHotel -->
        <test-method signature="selectHotel()[pri:1, instance:Testrunner.DataProvider@3911c2a7]" started-at="2022-09-09T21:58:12 IST" name="selectHotel" finished-at="2022-09-09T21:58:17 IST" duration-ms="5557" status="PASS">
          <reporter-output>
          </reporter-output>
        </test-method> <!-- selectHotel -->
        <test-method signature="bookAHotel()[pri:2, instance:Testrunner.DataProvider@3911c2a7]" started-at="2022-09-09T21:58:17 IST" name="bookAHotel" finished-at="2022-09-09T21:58:18 IST" duration-ms="611" status="PASS">
          <reporter-output>
          </reporter-output>
        </test-method> <!-- bookAHotel -->
        <test-method signature="printOrderNo()[pri:3, instance:Testrunner.DataProvider@3911c2a7]" started-at="2022-09-09T21:58:18 IST" name="printOrderNo" finished-at="2022-09-09T21:58:27 IST" duration-ms="9537" status="PASS">
          <reporter-output>
          </reporter-output>
        </test-method> <!-- printOrderNo -->
        <test-method is-config="true" signature="driverClose()[pri:0, instance:Testrunner.DataProvider@3911c2a7]" started-at="2022-09-09T21:58:27 IST" name="driverClose" finished-at="2022-09-09T21:58:27 IST" duration-ms="128" status="PASS">
          <reporter-output>
          </reporter-output>
        </test-method> <!-- driverClose -->
        <test-method is-config="true" signature="timeStamp01()[pri:0, instance:Testrunner.DataProvider@3911c2a7]" started-at="2022-09-09T21:58:27 IST" name="timeStamp01" finished-at="2022-09-09T21:58:27 IST" duration-ms="2" status="PASS">
          <reporter-output>
          </reporter-output>
        </test-method> <!-- timeStamp01 -->
      </class> <!-- Testrunner.DataProvider -->
    </test> <!-- Default test -->
  </suite> <!-- Default suite -->
</testng-results>
